  54547 rodo      20   0 2306056  39656   6384 R  1150   0.2   0:01.90 mnist_cnn_ds100
  54547 rodo      20   0 2306608  39920   6384 R  1573   0.2   0:03.63 mnist_cnn_ds100
  54547 rodo      20   0 2306608  39920   6384 R  1600   0.2   0:05.39 mnist_cnn_ds100
  54547 rodo      20   0 2306608  39920   6384 R  1573   0.2   0:07.12 mnist_cnn_ds100
  54547 rodo      20   0 2306608  39920   6384 R  1582   0.2   0:08.86 mnist_cnn_ds100
  54547 rodo      20   0 2306608  39920   6384 R  1573   0.2   0:10.59 mnist_cnn_ds100
  54547 rodo      20   0 2306608  39920   6384 R  1564   0.2   0:12.31 mnist_cnn_ds100
  54547 rodo      20   0 2306608  39920   6384 R  1573   0.2   0:14.04 mnist_cnn_ds100
  54547 rodo      20   0 2306608  39920   6384 R  1555   0.2   0:15.75 mnist_cnn_ds100
  54547 rodo      20   0 2306608  39920   6384 R  1573   0.2   0:17.48 mnist_cnn_ds100
  54547 rodo      20   0 2306608  39920   6384 R  1573   0.2   0:19.21 mnist_cnn_ds100
  54547 rodo      20   0 2306608  39920   6384 R  1573   0.2   0:20.94 mnist_cnn_ds100
  54547 rodo      20   0 2306608  39920   6384 R  1564   0.2   0:22.66 mnist_cnn_ds100
  54547 rodo      20   0 2306608  39920   6384 R  1582   0.2   0:24.40 mnist_cnn_ds100
  54547 rodo      20   0 2306608  39920   6384 R  1573   0.2   0:26.13 mnist_cnn_ds100
  54547 rodo      20   0 2306608  39920   6384 R  1582   0.2   0:27.87 mnist_cnn_ds100
  54547 rodo      20   0 2306608  39920   6384 R  1582   0.2   0:29.61 mnist_cnn_ds100
  54547 rodo      20   0 2311812  45516   6440 R  1573   0.3   0:31.34 mnist_cnn_ds100
  54547 rodo      20   0 2317324  51060   6440 R  1582   0.3   0:33.08 mnist_cnn_ds100
  54547 rodo      20   0 2317324  51060   6440 R  1582   0.3   0:34.82 mnist_cnn_ds100
  54547 rodo      20   0 2317324  51060   6440 R  1582   0.3   0:36.56 mnist_cnn_ds100
  54547 rodo      20   0 2317324  51060   6440 R  1582   0.3   0:38.30 mnist_cnn_ds100
  54547 rodo      20   0 2317324  51060   6440 R  1582   0.3   0:40.04 mnist_cnn_ds100
  54547 rodo      20   0 2317324  51060   6440 R  1536   0.3   0:41.73 mnist_cnn_ds100
  54547 rodo      20   0 2317324  51060   6440 R  1555   0.3   0:43.44 mnist_cnn_ds100
  54547 rodo      20   0 2317324  51060   6440 R  1573   0.3   0:45.17 mnist_cnn_ds100
  54547 rodo      20   0 2317324  51060   6440 R  1555   0.3   0:46.88 mnist_cnn_ds100
  54547 rodo      20   0 2317324  51060   6440 R  1591   0.3   0:48.63 mnist_cnn_ds100
  54547 rodo      20   0 2317324  51060   6440 R  1573   0.3   0:50.36 mnist_cnn_ds100
  54547 rodo      20   0 2317324  51060   6440 R  1582   0.3   0:52.10 mnist_cnn_ds100
  54547 rodo      20   0 2317324  51060   6440 R  1573   0.3   0:53.83 mnist_cnn_ds100
  54547 rodo      20   0 2317324  51060   6440 R  1582   0.3   0:55.57 mnist_cnn_ds100
  54547 rodo      20   0 2317324  51060   6440 R  1591   0.3   0:57.32 mnist_cnn_ds100
  54547 rodo      20   0 2317324  51060   6440 R  1509   0.3   0:58.98 mnist_cnn_ds100
  54547 rodo      20   0 2317324  51060   6440 R  1509   0.3   1:00.64 mnist_cnn_ds100
  54547 rodo      20   0 2325124  58716   6440 R  1373   0.4   1:02.15 mnist_cnn_ds100
  54547 rodo      20   0 2325124  58716   6440 R  1273   0.4   1:03.55 mnist_cnn_ds100
  54547 rodo      20   0 2325124  58716   6440 R  1436   0.4   1:05.13 mnist_cnn_ds100
  54547 rodo      20   0 2325124  58716   6440 R  1418   0.4   1:06.69 mnist_cnn_ds100
  54547 rodo      20   0 2325124  58716   6440 R  1327   0.4   1:08.15 mnist_cnn_ds100
  54547 rodo      20   0 2325124  58716   6440 R  1436   0.4   1:09.73 mnist_cnn_ds100
  54547 rodo      20   0 2317324  51164   6440 R  1455   0.3   1:11.33 mnist_cnn_ds100
  54547 rodo      20   0 2317324  51164   6440 R  1564   0.3   1:13.05 mnist_cnn_ds100
  54547 rodo      20   0 2331816  65484   6504 R 518.2   0.4   1:13.62 mnist_cnn_ds100
  54547 rodo      20   0 2331816  65484   6504 R  1345   0.4   1:15.10 mnist_cnn_ds100
  54547 rodo      20   0 2331816  65484   6504 R  1127   0.4   1:16.34 mnist_cnn_ds100
  54547 rodo      20   0 2331816  65484   6504 R  1050   0.4   1:17.60 mnist_cnn_ds100
  54547